<?xml version="1.0" encoding="UTF-8" ?>
<testsuite failures="0" time="2.406" errors="1" skipped="0" tests="2" name="jp.projects.miya.kuromoji_wordcount.KuromojiWordCountTest">
  <properties>
[...]
</properties>
  <testcase time="1.512" classname="jp.projects.miya.kuromoji_wordcount.KuromojiWordCountTest" name="testMapper"/>
  <testcase time="0.795" classname="jp.projects.miya.kuromoji_wordcount.KuromojiWordCountTest" name="testMain">
    <error message="Output directory output already exists" type="org.apache.hadoop.mapred.FileAlreadyExistsException">org.apache.hadoop.mapred.FileAlreadyExistsException: Output directory output already exists
	at org.apache.hadoop.mapreduce.lib.output.FileOutputFormat.checkOutputSpecs(FileOutputFormat.java:134)
	at org.apache.hadoop.mapred.JobClient$2.run(JobClient.java:889)
	at org.apache.hadoop.mapred.JobClient$2.run(JobClient.java:850)
	at java.security.AccessController.doPrivileged(Native Method)
	at javax.security.auth.Subject.doAs(Subject.java:415)
	at org.apache.hadoop.security.UserGroupInformation.doAs(UserGroupInformation.java:1083)
	at org.apache.hadoop.mapred.JobClient.submitJobInternal(JobClient.java:850)
	at org.apache.hadoop.mapreduce.Job.submit(Job.java:465)
	at org.apache.hadoop.mapreduce.Job.waitForCompletion(Job.java:495)
	at jp.projects.miya.kuromoji_wordcount.KuromojiWordCount.run(KuromojiWordCount.java:59)
	at org.apache.hadoop.util.ToolRunner.run(ToolRunner.java:65)
	at org.apache.hadoop.util.ToolRunner.run(ToolRunner.java:79)
	at jp.projects.miya.kuromoji_wordcount.KuromojiWordCount.main(KuromojiWordCount.java:69)
	at jp.projects.miya.kuromoji_wordcount.KuromojiWordCountTest.testMain(KuromojiWordCountTest.java:36)
	at sun.reflect.NativeMethodAccessorImpl.invoke0(Native Method)
	at sun.reflect.NativeMethodAccessorImpl.invoke(NativeMethodAccessorImpl.java:57)
	at sun.reflect.DelegatingMethodAccessorImpl.invoke(DelegatingMethodAccessorImpl.java:43)
	at java.lang.reflect.Method.invoke(Method.java:601)
	at org.junit.runners.model.FrameworkMethod$1.runReflectiveCall(FrameworkMethod.java:45)
	at org.junit.internal.runners.model.ReflectiveCallable.run(ReflectiveCallable.java:15)
	at org.junit.runners.model.FrameworkMethod.invokeExplosively(FrameworkMethod.java:42)
	at org.junit.internal.runners.statements.InvokeMethod.evaluate(InvokeMethod.java:20)
	at org.junit.internal.runners.statements.RunBefores.evaluate(RunBefores.java:28)
	at org.junit.runners.ParentRunner.runLeaf(ParentRunner.java:263)
	at org.junit.runners.BlockJUnit4ClassRunner.runChild(BlockJUnit4ClassRunner.java:68)
	at org.junit.runners.BlockJUnit4ClassRunner.runChild(BlockJUnit4ClassRunner.java:47)
	at org.junit.runners.ParentRunner$3.run(ParentRunner.java:231)
	at org.junit.runners.ParentRunner$1.schedule(ParentRunner.java:60)
	at org.junit.runners.ParentRunner.runChildren(ParentRunner.java:229)
	at org.junit.runners.ParentRunner.access$000(ParentRunner.java:50)
	at org.junit.runners.ParentRunner$2.evaluate(ParentRunner.java:222)
	at org.junit.runners.ParentRunner.run(ParentRunner.java:300)
	at org.apache.maven.surefire.junit4.JUnit4TestSet.execute(JUnit4TestSet.java:53)
	at org.apache.maven.surefire.junit4.JUnit4Provider.executeTestSet(JUnit4Provider.java:123)
	at org.apache.maven.surefire.junit4.JUnit4Provider.invoke(JUnit4Provider.java:104)
	at sun.reflect.NativeMethodAccessorImpl.invoke0(Native Method)
	at sun.reflect.NativeMethodAccessorImpl.invoke(NativeMethodAccessorImpl.java:57)
	at sun.reflect.DelegatingMethodAccessorImpl.invoke(DelegatingMethodAccessorImpl.java:43)
	at java.lang.reflect.Method.invoke(Method.java:601)
	at org.apache.maven.surefire.util.ReflectionUtils.invokeMethodWithArray(ReflectionUtils.java:164)
	at org.apache.maven.surefire.booter.ProviderFactory$ProviderProxy.invoke(ProviderFactory.java:110)
	at org.apache.maven.surefire.booter.SurefireStarter.invokeProvider(SurefireStarter.java:175)
	at org.apache.maven.surefire.booter.SurefireStarter.runSuitesInProcessWhenForked(SurefireStarter.java:107)
	at org.apache.maven.surefire.booter.ForkedBooter.main(ForkedBooter.java:68)
</error>
    <system-err>13/01/13 21:34:07 WARN util.NativeCodeLoader: Unable to load native-hadoop library for your platform... using builtin-java classes where applicable
13/01/13 21:34:07 WARN mapred.JobClient: No job jar file set.  User classes may not be found. See JobConf(Class) or JobConf#setJar(String).
13/01/13 21:34:07 INFO mapred.JobClient: Cleaning up the staging area file:/tmp/hadoop-mbp_user/mapred/staging/mbp_user-1724549594/.staging/job_local_0001
13/01/13 21:34:07 ERROR security.UserGroupInformation: PriviledgedActionException as:mbp_user cause:org.apache.hadoop.mapred.FileAlreadyExistsException: Output directory output already exists
</system-err>
  </testcase>
</testsuite>